<?xml version="1.0" encoding="UTF-8"?>
<testsuite xmlns:xsi="http://www.w3.org/2001/XMLSchema-instance" xsi:noNamespaceSchemaLocation="https://maven.apache.org/surefire/maven-surefire-plugin/xsd/surefire-test-report.xsd" name="rest_api_automation.DataFileTest" time="2.009" tests="2" errors="0" skipped="0" failures="0">
  <properties>
[...]
</properties>
  <testcase name="postRequest" classname="rest_api_automation.DataFileTest" time="0.861"/>
  <testcase name="getRequest" classname="rest_api_automation.DataFileTest" time="0.039"/>
</testsuite>